<?xml version="1.0" encoding="UTF-8"?>
<!-- Generated by org.testng.reporters.JUnitReportReporter -->
<testsuite skipped="0" hostname="alexs-MacBook-Pro.local" name="com.app.tests.AWShomepageCalculator" tests="3" failures="0" timestamp="01 Sep 2018 15:19:46 GMT" time="8.258" errors="0">
  <testcase name="defaultMontlyBillTest" time="1.223" classname="com.app.tests.AWShomepageCalculator"/>
  <testcase name="clickadd" time="1.679" classname="com.app.tests.AWShomepageCalculator"/>
  <testcase name="clearFormTest" time="5.356" classname="com.app.tests.AWShomepageCalculator"/>
</testsuite> <!-- com.app.tests.AWShomepageCalculator -->
