<?xml version="1.0" encoding="UTF-8"?>
<!-- Generated by org.testng.reporters.JUnitReportReporter -->
<testsuite skipped="0" hostname="alexs-MacBook-Pro.local" name="com.app.tests.GitHub" tests="1" failures="0" timestamp="01 Sep 2018 15:31:06 GMT" time="5.048" errors="0">
  <testcase name="getAllLinks" time="5.048" classname="com.app.tests.GitHub"/>
</testsuite> <!-- com.app.tests.GitHub -->
