<?xml version="1.0" encoding="UTF-8"?>
<!-- Generated by org.testng.reporters.JUnitReportReporter -->
<testsuite skipped="0" hostname="alexs-MacBook-Pro.local" name="com.app.tests.AWShomepageCalculator" tests="3" failures="0" timestamp="15 Mar 2018 01:42:24 GMT" time="4.273" errors="0">
  <testcase name="defaultMontlyBillTest" time="1.077" classname="com.app.tests.AWShomepageCalculator"/>
  <testcase name="clickadd" time="1.518" classname="com.app.tests.AWShomepageCalculator"/>
  <testcase name="clearFormTest" time="1.678" classname="com.app.tests.AWShomepageCalculator"/>
</testsuite> <!-- com.app.tests.AWShomepageCalculator -->
