<?xml version="1.0" encoding="UTF-8"?>
<!-- Generated by org.testng.reporters.JUnitReportReporter -->
<testsuite skipped="0" hostname="alexs-MacBook-Pro.local" name="com.app.tests.GitHub" tests="1" failures="0" timestamp="15 Mar 2018 02:13:08 GMT" time="6.465" errors="0">
  <testcase name="getAllLinks" time="6.465" classname="com.app.tests.GitHub"/>
</testsuite> <!-- com.app.tests.GitHub -->
